<component name="libraryTable">
  <library name="junit-platform-console-standalone-1.9.0">
    <CLASSES>
      <root url="jar://D:/My Program Files/GitHub/library-fa22/junit-platform-console-standalone-1.9.0.jar!/" />
    </CLASSES>
    <JAVADOC />
    <SOURCES />
  </library>
</component>